{"/Users/joyy/Desktop/cwh/c-ui/packages/Components/src/index.js": {"path":"/Users/joyy/Desktop/cwh/c-ui/packages/Components/src/index.js","statementMap":{"0":{"start":{"line":3,"column":19},"end":{"line":3,"column":27}},"1":{"start":{"line":5,"column":16},"end":{"line":9,"column":1}},"2":{"start":{"line":6,"column":2},"end":{"line":8,"column":5}},"3":{"start":{"line":7,"column":4},"end":{"line":7,"column":59}}},"fnMap":{"0":{"name":"(anonymous_0)","decl":{"start":{"line":5,"column":16},"end":{"line":5,"column":17}},"loc":{"start":{"line":5,"column":31},"end":{"line":9,"column":1}},"line":5},"1":{"name":"(anonymous_1)","decl":{"start":{"line":6,"column":21},"end":{"line":6,"column":22}},"loc":{"start":{"line":6,"column":36},"end":{"line":8,"column":3}},"line":6}},"branchMap":{},"s":{"0":0,"1":0,"2":0,"3":0},"f":{"0":0,"1":0},"b":{}}
,"/Users/joyy/Desktop/cwh/c-ui/packages/Components/src/lib/Button/index.vue": {"path":"/Users/joyy/Desktop/cwh/c-ui/packages/Components/src/lib/Button/index.vue","statementMap":{"0":{"start":{"line":22,"column":0},"end":{"line":22,"column":null}},"1":{"start":{"line":1,"column":0},"end":{"line":15,"column":null}},"2":{"start":{"line":2,"column":0},"end":{"line":7,"column":null}},"3":{"start":{"line":3,"column":0},"end":{"line":5,"column":null}},"4":{"start":{"line":4,"column":0},"end":{"line":4,"column":null}},"5":{"start":{"line":5,"column":0},"end":{"line":5,"column":null}},"6":{"start":{"line":6,"column":0},"end":{"line":6,"column":null}},"7":{"start":{"line":8,"column":0},"end":{"line":14,"column":null}},"8":{"start":{"line":9,"column":0},"end":{"line":9,"column":null}},"9":{"start":{"line":11,"column":0},"end":{"line":11,"column":null}},"10":{"start":{"line":12,"column":0},"end":{"line":12,"column":null}},"11":{"start":{"line":13,"column":0},"end":{"line":13,"column":null}},"12":{"start":{"line":16,"column":0},"end":{"line":21,"column":null}},"13":{"start":{"line":17,"column":0},"end":{"line":17,"column":null}},"14":{"start":{"line":18,"column":0},"end":{"line":18,"column":null}},"15":{"start":{"line":20,"column":0},"end":{"line":20,"column":null}},"16":{"start":{"line":23,"column":0},"end":{"line":40,"column":null}},"17":{"start":{"line":24,"column":0},"end":{"line":24,"column":null}},"18":{"start":{"line":26,"column":0},"end":{"line":26,"column":null}},"19":{"start":{"line":27,"column":0},"end":{"line":27,"column":null}},"20":{"start":{"line":28,"column":0},"end":{"line":28,"column":null}},"21":{"start":{"line":30,"column":0},"end":{"line":33,"column":null}},"22":{"start":{"line":31,"column":0},"end":{"line":31,"column":null}},"23":{"start":{"line":32,"column":0},"end":{"line":32,"column":null}},"24":{"start":{"line":34,"column":0},"end":{"line":35,"column":null}},"25":{"start":{"line":39,"column":0},"end":{"line":39,"column":null}}},"fnMap":{"0":{"name":"(anonymous_1)","decl":{"start":{"line":1,"column":0},"end":{"line":1,"column":null}},"loc":{"start":{"line":1,"column":0},"end":{"line":15,"column":null}}},"1":{"name":"(anonymous_2)","decl":{"start":{"line":2,"column":0},"end":{"line":2,"column":null}},"loc":{"start":{"line":2,"column":0},"end":{"line":7,"column":null}}},"2":{"name":"(anonymous_3)","decl":{"start":{"line":4,"column":0},"end":{"line":4,"column":null}},"loc":{"start":{"line":4,"column":0},"end":{"line":4,"column":null}}},"3":{"name":"(anonymous_5)","decl":{"start":{"line":8,"column":0},"end":{"line":8,"column":null}},"loc":{"start":{"line":8,"column":0},"end":{"line":14,"column":null}}},"4":{"name":"__","decl":{"start":{"line":12,"column":0},"end":{"line":12,"column":null}},"loc":{"start":{"line":12,"column":0},"end":{"line":12,"column":null}}},"5":{"name":"(anonymous_7)","decl":{"start":{"line":16,"column":0},"end":{"line":16,"column":null}},"loc":{"start":{"line":16,"column":0},"end":{"line":21,"column":null}}},"6":{"name":"(anonymous_8)","decl":{"start":{"line":23,"column":0},"end":{"line":23,"column":null}},"loc":{"start":{"line":23,"column":0},"end":{"line":40,"column":null}}},"7":{"name":"Button","decl":{"start":{"line":25,"column":0},"end":{"line":25,"column":null}},"loc":{"start":{"line":25,"column":0},"end":{"line":29,"column":null}}},"8":{"name":"(anonymous_10)","decl":{"start":{"line":30,"column":0},"end":{"line":30,"column":null}},"loc":{"start":{"line":30,"column":0},"end":{"line":33,"column":null}}}},"branchMap":{"0":{"loc":{"start":{"line":1,"column":0},"end":{"line":15,"column":null}},"type":"binary-expr","locations":[{"start":{"line":1,"column":0},"end":{"line":1,"column":null}},{"start":{"line":1,"column":0},"end":{"line":1,"column":null}},{"start":{"line":1,"column":0},"end":{"line":15,"column":null}}]},"1":{"loc":{"start":{"line":3,"column":0},"end":{"line":5,"column":null}},"type":"binary-expr","locations":[{"start":{"line":3,"column":0},"end":{"line":3,"column":null}},{"start":{"line":3,"column":0},"end":{"line":4,"column":null}},{"start":{"line":4,"column":0},"end":{"line":4,"column":null}},{"start":{"line":4,"column":0},"end":{"line":5,"column":null}}]},"2":{"loc":{"start":{"line":5,"column":0},"end":{"line":5,"column":null}},"type":"if","locations":[{"start":{"line":5,"column":0},"end":{"line":5,"column":null}}]},"3":{"loc":{"start":{"line":9,"column":0},"end":{"line":9,"column":null}},"type":"if","locations":[{"start":{"line":9,"column":0},"end":{"line":9,"column":null}}]},"4":{"loc":{"start":{"line":9,"column":0},"end":{"line":9,"column":null}},"type":"binary-expr","locations":[{"start":{"line":9,"column":0},"end":{"line":9,"column":null}},{"start":{"line":9,"column":0},"end":{"line":9,"column":null}}]},"5":{"loc":{"start":{"line":13,"column":0},"end":{"line":13,"column":null}},"type":"cond-expr","locations":[{"start":{"line":13,"column":0},"end":{"line":13,"column":null}},{"start":{"line":13,"column":0},"end":{"line":13,"column":null}}]},"6":{"loc":{"start":{"line":16,"column":0},"end":{"line":21,"column":null}},"type":"binary-expr","locations":[{"start":{"line":16,"column":0},"end":{"line":16,"column":null}},{"start":{"line":16,"column":0},"end":{"line":16,"column":null}},{"start":{"line":16,"column":0},"end":{"line":21,"column":null}}]},"7":{"loc":{"start":{"line":17,"column":0},"end":{"line":17,"column":null}},"type":"cond-expr","locations":[{"start":{"line":17,"column":0},"end":{"line":17,"column":null}},{"start":{"line":17,"column":0},"end":{"line":17,"column":null}}]},"8":{"loc":{"start":{"line":18,"column":0},"end":{"line":18,"column":null}},"type":"if","locations":[{"start":{"line":18,"column":0},"end":{"line":18,"column":null}},{"start":{"line":18,"column":0},"end":{"line":18,"column":null}}]},"9":{"loc":{"start":{"line":18,"column":0},"end":{"line":18,"column":null}},"type":"if","locations":[{"start":{"line":18,"column":0},"end":{"line":18,"column":null}}]},"10":{"loc":{"start":{"line":20,"column":0},"end":{"line":20,"column":null}},"type":"binary-expr","locations":[{"start":{"line":20,"column":0},"end":{"line":20,"column":null}},{"start":{"line":20,"column":0},"end":{"line":20,"column":null}},{"start":{"line":20,"column":0},"end":{"line":20,"column":null}}]},"11":{"loc":{"start":{"line":26,"column":0},"end":{"line":26,"column":null}},"type":"binary-expr","locations":[{"start":{"line":26,"column":0},"end":{"line":26,"column":null}},{"start":{"line":26,"column":0},"end":{"line":26,"column":null}},{"start":{"line":26,"column":0},"end":{"line":26,"column":null}}]}},"s":{"0":1,"1":1,"2":1,"3":1,"4":0,"5":0,"6":1,"7":1,"8":1,"9":1,"10":1,"11":1,"12":1,"13":2,"14":5,"15":1,"16":1,"17":1,"18":1,"19":1,"20":1,"21":1,"22":1,"23":1,"24":1,"25":1},"f":{"0":1,"1":1,"2":0,"3":1,"4":1,"5":1,"6":1,"7":1,"8":1},"b":{"0":[1,0,1],"1":[1,0,0,0],"2":[0],"3":[0],"4":[1,0],"5":[0,1],"6":[1,0,1],"7":[1,0],"8":[3,2],"9":[1],"10":[1,0,0],"11":[1,1,1]}}
}
