TN:
SF:src/index.js
FN:5,(anonymous_0)
FN:6,(anonymous_1)
FNF:2
FNH:0
FNDA:0,(anonymous_0)
FNDA:0,(anonymous_1)
DA:3,0
DA:5,0
DA:6,0
DA:7,0
LF:4
LH:0
BRF:0
BRH:0
end_of_record
TN:
SF:src/lib/Button/index.vue
FN:1,(anonymous_1)
FN:2,(anonymous_2)
FN:4,(anonymous_3)
FN:8,(anonymous_5)
FN:12,__
FN:16,(anonymous_7)
FN:23,(anonymous_8)
FN:25,Button
FN:30,(anonymous_10)
FNF:9
FNH:8
FNDA:1,(anonymous_1)
FNDA:1,(anonymous_2)
FNDA:0,(anonymous_3)
FNDA:1,(anonymous_5)
FNDA:1,__
FNDA:1,(anonymous_7)
FNDA:1,(anonymous_8)
FNDA:1,Button
FNDA:1,(anonymous_10)
DA:1,1
DA:2,1
DA:3,1
DA:4,0
DA:5,0
DA:6,1
DA:8,1
DA:9,1
DA:11,1
DA:12,1
DA:13,1
DA:16,1
DA:17,2
DA:18,5
DA:20,1
DA:22,1
DA:23,1
DA:24,1
DA:26,1
DA:27,1
DA:28,1
DA:30,1
DA:31,1
DA:32,1
DA:34,1
DA:39,1
LF:26
LH:24
BRDA:1,0,0,1
BRDA:1,0,1,0
BRDA:1,0,2,1
BRDA:3,1,0,1
BRDA:3,1,1,0
BRDA:3,1,2,0
BRDA:3,1,3,0
BRDA:5,2,0,0
BRDA:9,3,0,0
BRDA:9,4,0,1
BRDA:9,4,1,0
BRDA:13,5,0,0
BRDA:13,5,1,1
BRDA:16,6,0,1
BRDA:16,6,1,0
BRDA:16,6,2,1
BRDA:17,7,0,1
BRDA:17,7,1,0
BRDA:18,8,0,3
BRDA:18,8,1,2
BRDA:18,9,0,1
BRDA:20,10,0,1
BRDA:20,10,1,0
BRDA:20,10,2,0
BRDA:26,11,0,1
BRDA:26,11,1,1
BRDA:26,11,2,1
BRF:27
BRH:15
end_of_record
